  main.cpp
d:\kurs grodno\kurs\kurs\kurs\level.h(60): warning C4244: return: преобразование "double" в "float", возможна потеря данных
d:\kurs grodno\kurs\kurs\kurs\level.h(144): warning C4244: инициализация: преобразование "double" в "float", возможна потеря данных
d:\kurs grodno\kurs\kurs\kurs\level.h(145): warning C4244: =: преобразование "float" в "int", возможна потеря данных
d:\kurs grodno\kurs\kurs\kurs\level.h(185): warning C4244: аргумент: преобразование "int" в "float", возможна потеря данных
d:\kurs grodno\kurs\kurs\kurs\level.h(242): warning C4244: аргумент: преобразование "int" в "float", возможна потеря данных
d:\kurs grodno\kurs\kurs\kurs\level.h(263): warning C4244: =: преобразование "int" в "float", возможна потеря данных
d:\kurs grodno\kurs\kurs\kurs\level.h(264): warning C4244: =: преобразование "int" в "float", возможна потеря данных
d:\kurs grodno\kurs\kurs\kurs\level.h(265): warning C4244: =: преобразование "int" в "float", возможна потеря данных
d:\kurs grodno\kurs\kurs\kurs\level.h(266): warning C4244: =: преобразование "int" в "float", возможна потеря данных
d:\kurs grodno\kurs\kurs\kurs\LifeBar.h(30): warning C4244: аргумент: преобразование "int" в "float", возможна потеря данных
main.cpp(32): warning C4244: аргумент: преобразование "int" в "float", возможна потеря данных
main.cpp(36): warning C4244: аргумент: преобразование "int" в "float", возможна потеря данных
main.cpp(60): warning C4305: =: усечение из "double" к "float"
main.cpp(63): warning C4305: =: усечение из "double" к "float"
main.cpp(122): warning C4244: =: преобразование "double" в "float", возможна потеря данных
main.cpp(166): warning C4305: =: усечение из "double" к "float"
main.cpp(178): warning C4305: =: усечение из "double" к "float"
main.cpp(179): warning C4305: =: усечение из "double" к "float"
main.cpp(201): warning C4305: =: усечение из "double" к "float"
main.cpp(286): warning C4244: инициализация: преобразование "sf::Int64" в "float", возможна потеря данных
main.cpp(335): warning C4305: =: усечение из "double" к "float"
     Создается библиотека D:\KURS GRODNO\Kurs\kurs\x64\Release\kurs.lib и объект D:\KURS GRODNO\Kurs\kurs\x64\Release\kurs.exp
  Создание кода
d:\kurs grodno\kurs\kurs\kurs\main.cpp(366): warning C4715: startGame: значение возвращается не при всех путях выполнения
  23 of 985 functions ( 2.3%) were compiled, the rest were copied from previous compilation.
    2 functions were new in current compilation
    14 functions had inline decision re-evaluated but remain unchanged
  Создание кода завершено
  kurs.vcxproj -> D:\KURS GRODNO\Kurs\kurs\x64\Release\kurs.exe
  kurs.vcxproj -> D:\KURS GRODNO\Kurs\kurs\x64\Release\kurs.pdb (Full PDB)
